app/build/outputs/mapping/release/mapping.txt
# compiler: R8
# compiler_version: 8.5.10
# min_api: 21
# common_typos_disable
# {"id":"com.android.tools.r8.mapping","version":"2.2"}
# pg_map_id: 629c9b3
# pg_map_hash: SHA-256 629c9b32796aba67134047dd026450bf09556dd8eb3daefe62ee1bb59b7ec9cb
app.vercel.horariosmda.twa.Application -> app.vercel.horariosmda.twa.Application:
# {"id":"sourceFile","fileName":"Application.java"}
app.vercel.horariosmda.twa.DelegationService -> app.vercel.horariosmda.twa.DelegationService:
# {"id":"sourceFile","fileName":"DelegationService.java"}
app.vercel.horariosmda.twa.LauncherActivity -> app.vercel.horariosmda.twa.LauncherActivity:
# {"id":"sourceFile","fileName":"LauncherActivity.java"}
    1:1:android.net.Uri getLaunchingUrl():0:0 -> h
...
com.google.androidbrowserhelper.trusted.WebViewFallbackActivity$1 -> com.google.androidbrowserhelper.trusted.WebViewFallbackActivity$a:
# {"id":"sourceFile","fileName":"WebViewFallbackActivity.java"}
    com.google.androidbrowserhelper.trusted.WebViewFallbackActivity this$0 -> a
    1:1:boolean matchExtraOrigins(android.net.Uri):0:0 -> a
    1:1:boolean shouldOverrideUrlLoading(android.net.Uri):0:0 -> b
    1:1:boolean uriOriginsMatch(android.net.Uri,android.net.Uri):0:0 -> c
    1:1:boolean shouldOverrideUrlLoading(android.webkit.WebView,android.webkit.WebResourceRequest):0:0 -> shouldOverrideUrlLoading
    2:2:boolean shouldOverrideUrlLoading(android.webkit.WebView,java.lang.String):0:0 -> shouldOverrideUrlLoading
com.google.androidbrowserhelper.trusted.WebViewFallbackActivity$2 -> com.google.androidbrowserhelper.trusted.WebViewFallbackActivity$b:
# {"id":"sourceFile","fileName":"WebViewFallbackActivity.java"}
    android.view.View fullScreenView -> a
    int originalOrientation -> b
    com.google.androidbrowserhelper.trusted.WebViewFallbackActivity this$0 -> c
com.google.androidbrowserhelper.trusted.splashscreens.PwaWrapperSplashScreenStrategy -> o.c:
# {"id":"sourceFile","fileName":"PwaWrapperSplashScreenStrategy.java"}
    android.app.Activity mActivity -> a
    int mDrawableId -> b
    int mBackgroundColor -> c
    android.widget.ImageView$ScaleType mScaleType -> d
    android.graphics.Matrix mTransformationMatrix -> e
    java.lang.String mFileProviderAuthority -> f
    int mFadeOutDurationMillis -> g
    android.graphics.Bitmap mSplashImage -> h
    com.google.androidbrowserhelper.trusted.splashscreens.SplashImageTransferTask mSplashImageTransferTask -> i
      # {"id":"com.android.tools.r8.residualsignature","signature":"Lo/d;"}
    java.lang.String mProviderPackage -> j
    boolean mProviderSupportsSplashScreens -> k
    boolean mEnterAnimationComplete -> l
    java.lang.Runnable mOnEnterAnimationCompleteRunnable -> m
    com.google.androidbrowserhelper.trusted.splashscreens.SystemBarColorPredictor sSystemBarColorPredictor -> n
      # {"id":"com.android.tools.r8.residualsignature","signature":"Lo/f;"}
    1:8:void <clinit>():0:0 -> <clinit>
    1:1:void <init>(android.app.Activity,int,int,android.widget.ImageView$ScaleType,android.graphics.Matrix,int,java.lang.String):0:0 -> <init>
    1:58:void configureTwaBuilder(androidx.browser.trusted.TrustedWebActivityIntentBuilder,androidx.browser.customtabs.CustomTabsSession,java.lang.Runnable):0:0 -> a
com.google.androidbrowserhelper.trusted.splashscreens.PwaWrapperSplashScreenStrategy$$ExternalSyntheticLambda0 -> o.a:
# {"id":"sourceFile","fileName":"R8$$SyntheticClass"}
# {"id":"com.android.tools.r8.synthesized"}
    com.google.androidbrowserhelper.trusted.splashscreens.PwaWrapperSplashScreenStrategy com.google.androidbrowserhelper.trusted.splashscreens.PwaWrapperSplashScreenStrategy$$InternalSyntheticLambda$4$ac57bb04aa222145a88b5997ebbf5ae83e400f59aac1cd29d11f6f72cdb01219$0.f$0 -> a
      # {"id":"com.android.tools.r8.residualsignature","signature":"Lo/c;"}
      # {"id":"com.android.tools.r8.synthesized"}
    androidx.browser.trusted.TrustedWebActivityIntentBuilder com.google.androidbrowserhelper.trusted.splashscreens.PwaWrapperSplashScreenStrategy$$InternalSyntheticLambda$4$ac57bb04aa222145a88b5997ebbf5ae83e400f59aac1cd29d11f6f72cdb01219$0.f$1 -> b
      # {"id":"com.android.tools.r8.residualsignature","signature":"Lf/r;"}
      # {"id":"com.android.tools.r8.synthesized"}
    java.lang.Runnable com.google.androidbrowserhelper.trusted.splashscreens.PwaWrapperSplashScreenStrategy$$InternalSyntheticLambda$4$ac57bb04aa222145a88b5997ebbf5ae83e400f59aac1cd29d11f6f72cdb01219$0.f$2 -> c
      # {"id":"com.android.tools.r8.synthesized"}
    1:1:void o.PwaWrapperSplashScreenStrategy$$ExternalSyntheticLambda0.<init>(o.PwaWrapperSplashScreenStrategy,f.TrustedWebActivityIntentBuilder,java.lang.Runnable):0:0 -> <init>
      # {"id":"com.android.tools.r8.synthesized"}