app/build/outputs/mapping/release/usage.txt
app.vercel.horariosmda.twa.R$bool
app.vercel.horariosmda.twa.R$color
app.vercel.horariosmda.twa.R$drawable
app.vercel.horariosmda.twa.R$integer
app.vercel.horariosmda.twa.R$mipmap
app.vercel.horariosmda.twa.R$raw
app.vercel.horariosmda.twa.R$string
app.vercel.horariosmda.twa.R$xml
app.vercel.horariosmda.twa.R
...
androidx.browser.customtabs.CustomTabsIntent:
    public static final int COLOR_SCHEME_DARK
    public static final int COLOR_SCHEME_LIGHT
    private static final int COLOR_SCHEME_MAX
    public static final int COLOR_SCHEME_SYSTEM
    public static final java.lang.String EXTRA_ACTION_BUTTON_BUNDLE
    public static final java.lang.String EXTRA_CLOSE_BUTTON_ICON
    public static final java.lang.String EXTRA_COLOR_SCHEME
    public static final java.lang.String EXTRA_COLOR_SCHEME_PARAMS
    public static final java.lang.String EXTRA_DEFAULT_SHARE_MENU_ITEM
    public static final java.lang.String EXTRA_ENABLE_INSTANT_APPS
    public static final java.lang.String EXTRA_ENABLE_URLBAR_HIDING
    public static final java.lang.String EXTRA_EXIT_ANIMATION_BUNDLE
    public static final java.lang.String EXTRA_MENU_ITEMS
    public static final java.lang.String EXTRA_NAVIGATION_BAR_COLOR
    public static final java.lang.String EXTRA_NAVIGATION_BAR_DIVIDER_COLOR
    public static final java.lang.String EXTRA_REMOTEVIEWS
    public static final java.lang.String EXTRA_REMOTEVIEWS_CLICKED_ID
    public static final java.lang.String EXTRA_REMOTEVIEWS_PENDINGINTENT
    public static final java.lang.String EXTRA_REMOTEVIEWS_VIEW_IDS
    public static final java.lang.String EXTRA_SECONDARY_TOOLBAR_COLOR
    public static final java.lang.String EXTRA_SESSION
    public static final java.lang.String EXTRA_SESSION_ID
    public static final java.lang.String EXTRA_SHARE_STATE
androidx.browser.customtabs.CustomTabsService$1
androidx.browser.customtabs.CustomTabsService$FilePurpose
androidx.browser.customtabs.CustomTabsService$Relation
androidx.browser.customtabs.CustomTabsService$Result
androidx.browser.customtabs.CustomTabsService
androidx.browser.customtabs.CustomTabsServiceConnection:
    android.content.Context getApplicationContext()
androidx.browser.customtabs.CustomTabsSession$MockSession
androidx.browser.customtabs.CustomTabsSession$PendingSession
androidx.browser.customtabs.CustomTabsSession:
    private static final java.lang.String TAG
    public static androidx.browser.customtabs.CustomTabsSession createMockSessionForTesting(android.content.ComponentName)
    public boolean mayLaunchUrl(android.net.Uri,android.os.Bundle,java.util.List)
    public int postMessage(java.lang.String,android.os.Bundle)
    public boolean requestPostMessageChannel(android.net.Uri)
    public boolean setActionButton(android.graphics.Bitmap,java.lang.String)
    public boolean setSecondaryToolbarViews(android.widget.RemoteViews,int[],android.app.PendingIntent)
    public boolean setToolbarItem(int,android.graphics.Bitmap,java.lang.String)
androidx.browser.customtabs.CustomTabsSessionToken$1
androidx.browser.customtabs.CustomTabsSessionToken$MockCallback
androidx.browser.customtabs.CustomTabsSessionToken
androidx.browser.customtabs.PostMessageBackend
androidx.browser.customtabs.PostMessageService$1
androidx.browser.customtabs.PostMessageService
androidx.browser.customtabs.PostMessageServiceConnection
androidx.browser.customtabs.TrustedWebUtils:
    public static final java.lang.String ACTION_MANAGE_TRUSTED_WEB_ACTIVITY_DATA
    public static final java.lang.String EXTRA_LAUNCH_AS_TRUSTED_WEB_ACTIVITY
    private void <init>()
    public static void launchAsTrustedWebActivity(android.content.Context,androidx.browser.customtabs.CustomTabsIntent,android.net.Uri)
    public static void launchBrowserSiteSettings(android.content.Context,androidx.browser.customtabs.CustomTabsSession,android.net.Uri)
androidx.browser.trusted.ConnectionHolder$WrapperFactory
androidx.browser.trusted.ConnectionHolder
androidx.browser.trusted.FutureUtils
androidx.browser.trusted.NotificationApiHelperForM:
    private void <init>()
androidx.browser.trusted.NotificationApiHelperForO:
    private void <init>()
androidx.browser.trusted.PackageIdentityUtils:
    private static final java.lang.String TAG
    private void <init>()
androidx.browser.trusted.ScreenOrientation$LockType